<?xml version="1.0" encoding="UTF-8"?>
<!-- Generated by org.testng.reporters.JUnitReportReporter -->
<testsuite skipped="0" hostname="MacBook-Air-de-Alexandre.local" name="poc.ios.tests.iOSTest2" tests="1" failures="0" timestamp="24 out 2017 18:40:52 GMT" time="19.680" errors="0">
  <testcase name="cadastrarReceita" time="19.680" classname="poc.ios.tests.iOSTest2"/>
</testsuite> <!-- poc.ios.tests.iOSTest2 -->
